Started GET "/" for 127.0.0.1 at 2018-03-06 21:31:39 -0800
Processing by Rails::WelcomeController#index as HTML
  Rendering /Users/botilko/.rbenv/versions/2.3.3/lib/ruby/gems/2.3.0/gems/railties-5.1.5/lib/rails/templates/rails/welcome/index.html.erb
  Rendered /Users/botilko/.rbenv/versions/2.3.3/lib/ruby/gems/2.3.0/gems/railties-5.1.5/lib/rails/templates/rails/welcome/index.html.erb (6.7ms)
Completed 200 OK in 208ms (Views: 16.2ms)


Started GET "/" for 127.0.0.1 at 2018-03-06 21:35:10 -0800
Processing by Rails::WelcomeController#index as HTML
  Rendering /Users/botilko/.rbenv/versions/2.3.3/lib/ruby/gems/2.3.0/gems/railties-5.1.5/lib/rails/templates/rails/welcome/index.html.erb
  Rendered /Users/botilko/.rbenv/versions/2.3.3/lib/ruby/gems/2.3.0/gems/railties-5.1.5/lib/rails/templates/rails/welcome/index.html.erb (4.6ms)
Completed 200 OK in 184ms (Views: 9.6ms)


Started GET "/" for 127.0.0.1 at 2018-03-06 22:05:05 -0800
Processing by Rails::WelcomeController#index as HTML
  Rendering /Users/botilko/.rbenv/versions/2.3.3/lib/ruby/gems/2.3.0/gems/railties-5.1.5/lib/rails/templates/rails/welcome/index.html.erb
  Rendered /Users/botilko/.rbenv/versions/2.3.3/lib/ruby/gems/2.3.0/gems/railties-5.1.5/lib/rails/templates/rails/welcome/index.html.erb (5.8ms)
Completed 200 OK in 423ms (Views: 16.5ms)


Started GET "/" for 127.0.0.1 at 2018-03-06 22:05:08 -0800
Processing by Rails::WelcomeController#index as HTML
  Rendering /Users/botilko/.rbenv/versions/2.3.3/lib/ruby/gems/2.3.0/gems/railties-5.1.5/lib/rails/templates/rails/welcome/index.html.erb
  Rendered /Users/botilko/.rbenv/versions/2.3.3/lib/ruby/gems/2.3.0/gems/railties-5.1.5/lib/rails/templates/rails/welcome/index.html.erb (4.6ms)
Completed 200 OK in 12ms (Views: 8.1ms)


Started GET "/" for 127.0.0.1 at 2018-03-06 22:18:29 -0800
Processing by ApplicationController#hello as HTML
  Rendering html template
  Rendered html template (0.0ms)
Completed 200 OK in 172ms (Views: 4.6ms)


Started GET "/" for 127.0.0.1 at 2018-03-06 22:19:00 -0800
Processing by ApplicationController#hello as HTML
  Rendering html template
  Rendered html template (0.0ms)
Completed 200 OK in 1ms (Views: 0.3ms)


Started GET "/" for 127.0.0.1 at 2018-03-06 22:28:36 -0800
Processing by ApplicationController#hello as HTML
  Rendering html template
  Rendered html template (0.0ms)
Completed 200 OK in 148ms (Views: 3.2ms)


Started GET "/help" for 127.0.0.1 at 2018-03-06 22:28:43 -0800
  
ActionController::RoutingError (No route matches [GET] "/help"):
  
actionpack (5.1.5) lib/action_dispatch/middleware/debug_exceptions.rb:63:in `call'
web-console (3.5.1) lib/web_console/middleware.rb:135:in `call_app'
web-console (3.5.1) lib/web_console/middleware.rb:28:in `block in call'
web-console (3.5.1) lib/web_console/middleware.rb:18:in `catch'
web-console (3.5.1) lib/web_console/middleware.rb:18:in `call'
actionpack (5.1.5) lib/action_dispatch/middleware/show_exceptions.rb:31:in `call'
railties (5.1.5) lib/rails/rack/logger.rb:36:in `call_app'
railties (5.1.5) lib/rails/rack/logger.rb:24:in `block in call'
activesupport (5.1.5) lib/active_support/tagged_logging.rb:69:in `block in tagged'
activesupport (5.1.5) lib/active_support/tagged_logging.rb:26:in `tagged'
activesupport (5.1.5) lib/active_support/tagged_logging.rb:69:in `tagged'
railties (5.1.5) lib/rails/rack/logger.rb:24:in `call'
sprockets-rails (3.2.1) lib/sprockets/rails/quiet_assets.rb:13:in `call'
actionpack (5.1.5) lib/action_dispatch/middleware/remote_ip.rb:79:in `call'
actionpack (5.1.5) lib/action_dispatch/middleware/request_id.rb:25:in `call'
rack (2.0.4) lib/rack/method_override.rb:22:in `call'
rack (2.0.4) lib/rack/runtime.rb:22:in `call'
activesupport (5.1.5) lib/active_support/cache/strategy/local_cache_middleware.rb:27:in `call'
actionpack (5.1.5) lib/action_dispatch/middleware/executor.rb:12:in `call'
actionpack (5.1.5) lib/action_dispatch/middleware/static.rb:125:in `call'
rack (2.0.4) lib/rack/sendfile.rb:111:in `call'
railties (5.1.5) lib/rails/engine.rb:522:in `call'
puma (3.9.1) lib/puma/configuration.rb:224:in `call'
puma (3.9.1) lib/puma/server.rb:602:in `handle_request'
puma (3.9.1) lib/puma/server.rb:435:in `process_client'
puma (3.9.1) lib/puma/server.rb:299:in `block in run'
puma (3.9.1) lib/puma/thread_pool.rb:120:in `block in spawn_thread'
Started GET "/static_pages/help" for 127.0.0.1 at 2018-03-06 22:29:21 -0800
Processing by StaticPagesController#help as HTML
  Rendering static_pages/help.html.erb within layouts/application
  Rendered static_pages/help.html.erb within layouts/application (0.5ms)
Completed 200 OK in 791ms (Views: 788.7ms)


Started GET "/static_pages/home" for 127.0.0.1 at 2018-03-06 22:31:36 -0800
Processing by StaticPagesController#home as HTML
  Rendering static_pages/home.html.erb within layouts/application
  Rendered static_pages/home.html.erb within layouts/application (0.5ms)
Completed 200 OK in 22ms (Views: 20.5ms)


Started GET "/static_pages/about" for 127.0.0.1 at 2018-03-06 22:45:04 -0800
Processing by StaticPagesController#about as HTML
  Rendering static_pages/about.html.erb within layouts/application
  Rendered static_pages/about.html.erb within layouts/application (0.4ms)
Completed 200 OK in 24ms (Views: 21.7ms)


Started GET "/static_pages/about" for 127.0.0.1 at 2018-03-06 22:53:06 -0800
Processing by StaticPagesController#about as HTML
  Rendering static_pages/about.html.erb within layouts/application
  Rendered static_pages/about.html.erb within layouts/application (0.3ms)
Completed 200 OK in 34ms (Views: 31.5ms)


Started GET "/" for 127.0.0.1 at 2018-03-07 12:05:37 -0800
Processing by ApplicationController#hello as HTML
  Rendering html template
  Rendered html template (0.1ms)
Completed 200 OK in 395ms (Views: 12.6ms)


Started GET "/home" for 127.0.0.1 at 2018-03-07 12:10:35 -0800
  
ActionController::RoutingError (No route matches [GET] "/home"):
  
actionpack (5.1.5) lib/action_dispatch/middleware/debug_exceptions.rb:63:in `call'
web-console (3.5.1) lib/web_console/middleware.rb:135:in `call_app'
web-console (3.5.1) lib/web_console/middleware.rb:28:in `block in call'
web-console (3.5.1) lib/web_console/middleware.rb:18:in `catch'
web-console (3.5.1) lib/web_console/middleware.rb:18:in `call'
actionpack (5.1.5) lib/action_dispatch/middleware/show_exceptions.rb:31:in `call'
railties (5.1.5) lib/rails/rack/logger.rb:36:in `call_app'
railties (5.1.5) lib/rails/rack/logger.rb:24:in `block in call'
activesupport (5.1.5) lib/active_support/tagged_logging.rb:69:in `block in tagged'
activesupport (5.1.5) lib/active_support/tagged_logging.rb:26:in `tagged'
activesupport (5.1.5) lib/active_support/tagged_logging.rb:69:in `tagged'
railties (5.1.5) lib/rails/rack/logger.rb:24:in `call'
sprockets-rails (3.2.1) lib/sprockets/rails/quiet_assets.rb:13:in `call'
actionpack (5.1.5) lib/action_dispatch/middleware/remote_ip.rb:79:in `call'
actionpack (5.1.5) lib/action_dispatch/middleware/request_id.rb:25:in `call'
rack (2.0.4) lib/rack/method_override.rb:22:in `call'
rack (2.0.4) lib/rack/runtime.rb:22:in `call'
activesupport (5.1.5) lib/active_support/cache/strategy/local_cache_middleware.rb:27:in `call'
actionpack (5.1.5) lib/action_dispatch/middleware/executor.rb:12:in `call'
actionpack (5.1.5) lib/action_dispatch/middleware/static.rb:125:in `call'
rack (2.0.4) lib/rack/sendfile.rb:111:in `call'
railties (5.1.5) lib/rails/engine.rb:522:in `call'
puma (3.9.1) lib/puma/configuration.rb:224:in `call'
puma (3.9.1) lib/puma/server.rb:602:in `handle_request'
puma (3.9.1) lib/puma/server.rb:435:in `process_client'
puma (3.9.1) lib/puma/server.rb:299:in `block in run'
puma (3.9.1) lib/puma/thread_pool.rb:120:in `block in spawn_thread'
Started GET "/static_pages/home" for 127.0.0.1 at 2018-03-07 12:10:52 -0800
Processing by StaticPagesController#home as HTML
  Rendering static_pages/home.html.erb within layouts/application
  Rendered static_pages/home.html.erb within layouts/application (0.5ms)
Completed 200 OK in 279ms (Views: 277.1ms)


Started GET "/static_pages/help" for 127.0.0.1 at 2018-03-07 12:13:12 -0800
Processing by StaticPagesController#help as HTML
  Rendering static_pages/help.html.erb within layouts/application
  Rendered static_pages/help.html.erb within layouts/application (0.4ms)
Completed 200 OK in 22ms (Views: 19.8ms)


Started GET "/static_pages/help" for 127.0.0.1 at 2018-03-07 12:13:35 -0800
Processing by StaticPagesController#help as HTML
  Rendering static_pages/help.html.erb within layouts/application
  Rendered static_pages/help.html.erb within layouts/application (0.5ms)
Completed 200 OK in 19ms (Views: 16.4ms)


Started GET "/static_pages/about" for 127.0.0.1 at 2018-03-07 12:15:20 -0800
Processing by StaticPagesController#about as HTML
  Rendering static_pages/about.html.erb within layouts/application
  Rendered static_pages/about.html.erb within layouts/application (0.4ms)
Completed 200 OK in 17ms (Views: 15.8ms)


Started GET "/static_pages/about" for 127.0.0.1 at 2018-03-07 12:22:05 -0800
Processing by StaticPagesController#about as HTML
  Rendering static_pages/about.html.erb within layouts/application
  Rendered static_pages/about.html.erb within layouts/application (0.4ms)
Completed 200 OK in 19ms (Views: 16.9ms)


Started GET "/static_pages/hoe" for 127.0.0.1 at 2018-03-07 12:22:12 -0800
  
ActionController::RoutingError (No route matches [GET] "/static_pages/hoe"):
  
actionpack (5.1.5) lib/action_dispatch/middleware/debug_exceptions.rb:63:in `call'
web-console (3.5.1) lib/web_console/middleware.rb:135:in `call_app'
web-console (3.5.1) lib/web_console/middleware.rb:28:in `block in call'
web-console (3.5.1) lib/web_console/middleware.rb:18:in `catch'
web-console (3.5.1) lib/web_console/middleware.rb:18:in `call'
actionpack (5.1.5) lib/action_dispatch/middleware/show_exceptions.rb:31:in `call'
railties (5.1.5) lib/rails/rack/logger.rb:36:in `call_app'
railties (5.1.5) lib/rails/rack/logger.rb:24:in `block in call'
activesupport (5.1.5) lib/active_support/tagged_logging.rb:69:in `block in tagged'
activesupport (5.1.5) lib/active_support/tagged_logging.rb:26:in `tagged'
activesupport (5.1.5) lib/active_support/tagged_logging.rb:69:in `tagged'
railties (5.1.5) lib/rails/rack/logger.rb:24:in `call'
sprockets-rails (3.2.1) lib/sprockets/rails/quiet_assets.rb:13:in `call'
actionpack (5.1.5) lib/action_dispatch/middleware/remote_ip.rb:79:in `call'
actionpack (5.1.5) lib/action_dispatch/middleware/request_id.rb:25:in `call'
rack (2.0.4) lib/rack/method_override.rb:22:in `call'
rack (2.0.4) lib/rack/runtime.rb:22:in `call'
activesupport (5.1.5) lib/active_support/cache/strategy/local_cache_middleware.rb:27:in `call'
actionpack (5.1.5) lib/action_dispatch/middleware/executor.rb:12:in `call'
actionpack (5.1.5) lib/action_dispatch/middleware/static.rb:125:in `call'
rack (2.0.4) lib/rack/sendfile.rb:111:in `call'
railties (5.1.5) lib/rails/engine.rb:522:in `call'
puma (3.9.1) lib/puma/configuration.rb:224:in `call'
puma (3.9.1) lib/puma/server.rb:602:in `handle_request'
puma (3.9.1) lib/puma/server.rb:435:in `process_client'
puma (3.9.1) lib/puma/server.rb:299:in `block in run'
puma (3.9.1) lib/puma/thread_pool.rb:120:in `block in spawn_thread'
Started GET "/static_pages/home" for 127.0.0.1 at 2018-03-07 12:22:16 -0800
Processing by StaticPagesController#home as HTML
  Rendering static_pages/home.html.erb within layouts/application
  Rendered static_pages/home.html.erb within layouts/application (0.4ms)
Completed 200 OK in 21ms (Views: 19.2ms)


Started GET "/static_pages/home" for 127.0.0.1 at 2018-03-07 12:23:36 -0800
Processing by StaticPagesController#home as HTML
  Rendering static_pages/home.html.erb within layouts/application
  Rendered static_pages/home.html.erb within layouts/application (0.6ms)
Completed 200 OK in 26ms (Views: 24.5ms)


Started GET "/static_pages/home" for 127.0.0.1 at 2018-03-07 12:25:02 -0800
Processing by StaticPagesController#home as HTML
  Rendering static_pages/home.html.erb within layouts/application
  Rendered static_pages/home.html.erb within layouts/application (0.4ms)
Completed 200 OK in 21ms (Views: 18.9ms)


Started GET "/static_pages/home" for 127.0.0.1 at 2018-03-07 12:25:35 -0800
Processing by StaticPagesController#home as HTML
  Rendering static_pages/home.html.erb within layouts/application
  Rendered static_pages/home.html.erb within layouts/application (0.4ms)
Completed 200 OK in 25ms (Views: 22.7ms)


Started GET "/static_pages/about" for 127.0.0.1 at 2018-03-07 12:25:49 -0800
Processing by StaticPagesController#about as HTML
  Rendering static_pages/about.html.erb within layouts/application
  Rendered static_pages/about.html.erb within layouts/application (0.4ms)
Completed 200 OK in 33ms (Views: 30.5ms)


Started GET "/static_pages/help" for 127.0.0.1 at 2018-03-07 12:25:56 -0800
Processing by StaticPagesController#help as HTML
  Rendering static_pages/help.html.erb within layouts/application
  Rendered static_pages/help.html.erb within layouts/application (0.3ms)
Completed 200 OK in 23ms (Views: 20.4ms)


Started GET "/static_pages/help" for 127.0.0.1 at 2018-03-07 12:28:00 -0800
Processing by StaticPagesController#help as HTML
  Rendering static_pages/help.html.erb within layouts/application
  Rendered static_pages/help.html.erb within layouts/application (0.8ms)
Completed 200 OK in 33ms (Views: 29.1ms)


Started GET "/static_pages/about" for 127.0.0.1 at 2018-03-07 12:28:06 -0800
Processing by StaticPagesController#about as HTML
  Rendering static_pages/about.html.erb within layouts/application
  Rendered static_pages/about.html.erb within layouts/application (0.6ms)
Completed 200 OK in 34ms (Views: 30.9ms)


Started GET "/" for 127.0.0.1 at 2018-03-07 12:30:37 -0800
Processing by StaticPagesController#home as HTML
  Rendering static_pages/home.html.erb within layouts/application
  Rendered static_pages/home.html.erb within layouts/application (0.6ms)
Completed 200 OK in 22ms (Views: 20.4ms)


Started GET "/" for 127.0.0.1 at 2018-03-07 13:46:55 -0800
Processing by StaticPagesController#home as HTML
  Rendering static_pages/home.html.erb within layouts/application
  Rendered static_pages/home.html.erb within layouts/application (2.0ms)
Completed 200 OK in 425ms (Views: 262.5ms)


Started GET "/" for 127.0.0.1 at 2018-03-07 14:27:04 -0800
Processing by StaticPagesController#home as HTML
  Rendering static_pages/home.html.erb within layouts/application
  Rendered static_pages/home.html.erb within layouts/application (0.3ms)
Completed 200 OK in 21ms (Views: 18.2ms)


Started GET "/" for 127.0.0.1 at 2018-03-07 14:27:10 -0800
Processing by StaticPagesController#home as HTML
  Rendering static_pages/home.html.erb within layouts/application
  Rendered static_pages/home.html.erb within layouts/application (0.6ms)
Completed 200 OK in 35ms (Views: 28.7ms)


Started GET "/" for 127.0.0.1 at 2018-03-07 14:27:11 -0800
Processing by StaticPagesController#home as HTML
  Rendering static_pages/home.html.erb within layouts/application
  Rendered static_pages/home.html.erb within layouts/application (1.2ms)
Completed 200 OK in 33ms (Views: 28.8ms)


Started GET "/" for 127.0.0.1 at 2018-03-07 14:27:12 -0800
Processing by StaticPagesController#home as HTML
  Rendering static_pages/home.html.erb within layouts/application
  Rendered static_pages/home.html.erb within layouts/application (0.7ms)
Completed 200 OK in 33ms (Views: 30.1ms)


Started GET "/" for 127.0.0.1 at 2018-03-07 14:36:21 -0800
Processing by StaticPagesController#home as HTML
  Rendering static_pages/home.html.erb within layouts/application
  Rendered static_pages/home.html.erb within layouts/application (6.0ms)
Completed 500 Internal Server Error in 12ms


  
ActionView::Template::Error (The asset "rails.png" is not present in the asset pipeline.):
    11:     <%= link_to "Sign up now!", '#', class: "btn btn-lg btn-primary" %>
    12: </div>
    13: 
    14: <%= link_to image_tag("rails.png", alt: "Rails logo"),
    15:             'http://rubyonrails.org/' %>
  
app/views/static_pages/home.html.erb:14:in `_app_views_static_pages_home_html_erb__3842474353918447181_70198420865240'
Started GET "/" for 127.0.0.1 at 2018-03-07 14:39:28 -0800
Processing by StaticPagesController#home as HTML
  Rendering static_pages/home.html.erb within layouts/application
  Rendered static_pages/home.html.erb within layouts/application (44.8ms)
Completed 200 OK in 95ms (Views: 92.6ms)


Started GET "/" for 127.0.0.1 at 2018-03-07 14:40:47 -0800
Processing by StaticPagesController#home as HTML
  Rendering static_pages/home.html.erb within layouts/application
  Rendered static_pages/home.html.erb within layouts/application (42.0ms)
Completed 200 OK in 84ms (Views: 80.3ms)


Started GET "/" for 127.0.0.1 at 2018-03-07 15:02:26 -0800
Processing by StaticPagesController#home as HTML
  Rendering static_pages/home.html.erb within layouts/application
  Rendered static_pages/home.html.erb within layouts/application (4656.8ms)
Completed 200 OK in 4869ms (Views: 4718.1ms)


Started GET "/" for 127.0.0.1 at 2018-03-07 15:03:22 -0800
Processing by StaticPagesController#home as HTML
  Rendering static_pages/home.html.erb within layouts/application
  Rendered static_pages/home.html.erb within layouts/application (1.3ms)
Completed 200 OK in 1893ms (Views: 1890.3ms)


Started GET "/" for 127.0.0.1 at 2018-03-07 15:05:06 -0800
Processing by StaticPagesController#home as HTML
  Rendering static_pages/home.html.erb within layouts/application
  Rendered static_pages/home.html.erb within layouts/application (1.5ms)
Completed 200 OK in 1879ms (Views: 1876.4ms)


Started GET "/" for 127.0.0.1 at 2018-03-07 15:24:08 -0800
Processing by StaticPagesController#home as HTML
  Rendering static_pages/home.html.erb within layouts/application
  Rendered static_pages/home.html.erb within layouts/application (1.7ms)
Completed 200 OK in 29ms (Views: 27.0ms)


Started GET "/" for 127.0.0.1 at 2018-03-07 15:24:26 -0800
Processing by StaticPagesController#home as HTML
  Rendering static_pages/home.html.erb within layouts/application
  Rendered static_pages/home.html.erb within layouts/application (2.3ms)
Completed 200 OK in 1860ms (Views: 1857.1ms)


Started GET "/" for 127.0.0.1 at 2018-03-07 15:25:14 -0800
Processing by StaticPagesController#home as HTML
  Rendering static_pages/home.html.erb within layouts/application
  Rendered static_pages/home.html.erb within layouts/application (1.9ms)
Completed 200 OK in 39ms (Views: 35.5ms)


Started GET "/" for 127.0.0.1 at 2018-03-07 15:25:20 -0800
Processing by StaticPagesController#home as HTML
  Rendering static_pages/home.html.erb within layouts/application
  Rendered static_pages/home.html.erb within layouts/application (1.5ms)
Completed 200 OK in 34ms (Views: 30.5ms)


Started GET "/" for 127.0.0.1 at 2018-03-07 15:25:28 -0800
Processing by StaticPagesController#home as HTML
  Rendering static_pages/home.html.erb within layouts/application
  Rendered static_pages/home.html.erb within layouts/application (2.1ms)
Completed 200 OK in 37ms (Views: 34.0ms)


Started GET "/" for 127.0.0.1 at 2018-03-07 15:25:31 -0800
Processing by StaticPagesController#home as HTML
  Rendering static_pages/home.html.erb within layouts/application
  Rendered static_pages/home.html.erb within layouts/application (2.2ms)
Completed 200 OK in 41ms (Views: 37.6ms)


Started GET "/" for 127.0.0.1 at 2018-03-07 15:25:33 -0800
Processing by StaticPagesController#home as HTML
  Rendering static_pages/home.html.erb within layouts/application
  Rendered static_pages/home.html.erb within layouts/application (2.6ms)
Completed 200 OK in 40ms (Views: 36.9ms)


Started GET "/" for 127.0.0.1 at 2018-03-07 15:25:34 -0800
Processing by StaticPagesController#home as HTML
  Rendering static_pages/home.html.erb within layouts/application
  Rendered static_pages/home.html.erb within layouts/application (2.7ms)
Completed 200 OK in 62ms (Views: 59.5ms)


Started GET "/" for 127.0.0.1 at 2018-03-07 15:25:40 -0800
Processing by StaticPagesController#home as HTML
  Rendering static_pages/home.html.erb within layouts/application
  Rendered static_pages/home.html.erb within layouts/application (2.7ms)
Completed 200 OK in 45ms (Views: 40.5ms)


Started GET "/" for 127.0.0.1 at 2018-03-07 15:25:41 -0800
Processing by StaticPagesController#home as HTML
  Rendering static_pages/home.html.erb within layouts/application
  Rendered static_pages/home.html.erb within layouts/application (3.6ms)
Completed 200 OK in 52ms (Views: 47.3ms)


Started GET "/" for 127.0.0.1 at 2018-03-07 15:25:42 -0800
Processing by StaticPagesController#home as HTML
  Rendering static_pages/home.html.erb within layouts/application
  Rendered static_pages/home.html.erb within layouts/application (4.7ms)
Completed 200 OK in 49ms (Views: 46.5ms)


Started GET "/" for 127.0.0.1 at 2018-03-07 15:27:27 -0800
Processing by StaticPagesController#home as HTML
  Rendering static_pages/home.html.erb within layouts/application
  Rendered static_pages/home.html.erb within layouts/application (2.3ms)
Completed 200 OK in 1857ms (Views: 1855.4ms)


Started GET "/" for 127.0.0.1 at 2018-03-07 15:27:55 -0800
Processing by StaticPagesController#home as HTML
  Rendering static_pages/home.html.erb within layouts/application
  Rendered static_pages/home.html.erb within layouts/application (1.6ms)
Completed 200 OK in 1857ms (Views: 1853.7ms)


Started GET "/" for 127.0.0.1 at 2018-03-07 15:28:04 -0800
Processing by StaticPagesController#home as HTML
  Rendering static_pages/home.html.erb within layouts/application
  Rendered static_pages/home.html.erb within layouts/application (1.5ms)
Completed 200 OK in 1791ms (Views: 1787.8ms)


Started GET "/" for 127.0.0.1 at 2018-03-07 15:28:20 -0800
Processing by StaticPagesController#home as HTML
  Rendering static_pages/home.html.erb within layouts/application
  Rendered static_pages/home.html.erb within layouts/application (1.4ms)
Completed 200 OK in 1819ms (Views: 1816.2ms)


Started GET "/" for 127.0.0.1 at 2018-03-07 15:30:07 -0800
Processing by StaticPagesController#home as HTML
  Rendering static_pages/home.html.erb within layouts/application
  Rendered static_pages/home.html.erb within layouts/application (1.7ms)
Completed 200 OK in 1868ms (Views: 1865.4ms)


Started GET "/" for 127.0.0.1 at 2018-03-07 15:30:17 -0800
Processing by StaticPagesController#home as HTML
  Rendering static_pages/home.html.erb within layouts/application
  Rendered static_pages/home.html.erb within layouts/application (1.6ms)
Completed 200 OK in 1916ms (Views: 1913.1ms)


Started GET "/" for 127.0.0.1 at 2018-03-07 15:30:21 -0800
Processing by StaticPagesController#home as HTML
  Rendering static_pages/home.html.erb within layouts/application
  Rendered static_pages/home.html.erb within layouts/application (1.4ms)
Completed 200 OK in 37ms (Views: 34.1ms)


Started GET "/" for 127.0.0.1 at 2018-03-07 15:30:35 -0800
Processing by StaticPagesController#home as HTML
  Rendering static_pages/home.html.erb within layouts/application
  Rendered static_pages/home.html.erb within layouts/application (2.7ms)
Completed 200 OK in 1951ms (Views: 1947.8ms)


Started GET "/" for 127.0.0.1 at 2018-03-07 15:30:37 -0800
Processing by StaticPagesController#home as HTML
  Rendering static_pages/home.html.erb within layouts/application
  Rendered static_pages/home.html.erb within layouts/application (1.6ms)
Completed 200 OK in 28ms (Views: 26.5ms)


Started GET "/" for 127.0.0.1 at 2018-03-07 15:36:14 -0800
Processing by StaticPagesController#home as HTML
  Rendering static_pages/home.html.erb within layouts/application
  Rendered static_pages/home.html.erb within layouts/application (1.5ms)
Completed 500 Internal Server Error in 12ms


  
SyntaxError (/Users/botilko/Fidler/passivehouse/passivehouse/app/views/layouts/application.html.erb:14: syntax error, unexpected '<', expecting ')'
    <div class="container">
     ^
/Users/botilko/Fidler/passivehouse/passivehouse/app/views/layouts/application.html.erb:15: syntax error, unexpected '<'
      <%= yield );@output_buffer.safe_append='
       ^
/Users/botilko/Fidler/passivehouse/passivehouse/app/views/layouts/application.html.erb:21: syntax error, unexpected keyword_ensure, expecting ')'
/Users/botilko/Fidler/passivehouse/passivehouse/app/views/layouts/application.html.erb:23: syntax error, unexpected keyword_end, expecting ')'):
  
app/views/layouts/application.html.erb:14: syntax error, unexpected '<', expecting ')'
app/views/layouts/application.html.erb:15: syntax error, unexpected '<'
app/views/layouts/application.html.erb:21: syntax error, unexpected keyword_ensure, expecting ')'
app/views/layouts/application.html.erb:23: syntax error, unexpected keyword_end, expecting ')'
Started GET "/" for 127.0.0.1 at 2018-03-07 15:37:15 -0800
Processing by StaticPagesController#home as HTML
  Rendering static_pages/home.html.erb within layouts/application
  Rendered static_pages/home.html.erb within layouts/application (2.4ms)
  Rendered layouts/_header.html.erb (0.8ms)
Completed 200 OK in 37ms (Views: 34.2ms)


Started GET "/" for 127.0.0.1 at 2018-03-07 15:37:29 -0800
Processing by StaticPagesController#home as HTML
  Rendering static_pages/home.html.erb within layouts/application
  Rendered static_pages/home.html.erb within layouts/application (1.4ms)
  Rendered layouts/_shim.html.erb (0.5ms)
  Rendered layouts/_header.html.erb (0.8ms)
Completed 200 OK in 39ms (Views: 37.1ms)


Started GET "/" for 127.0.0.1 at 2018-03-07 15:46:13 -0800
Processing by StaticPagesController#home as HTML
  Rendering static_pages/home.html.erb within layouts/application
  Rendered static_pages/home.html.erb within layouts/application (1.8ms)
  Rendered layouts/_shim.html.erb (0.3ms)
  Rendered layouts/_header.html.erb (0.4ms)
  Rendered layouts/_footer.html.erb (0.3ms)
Completed 200 OK in 39ms (Views: 35.6ms)


Started GET "/" for 127.0.0.1 at 2018-03-07 15:47:42 -0800
Processing by StaticPagesController#home as HTML
  Rendering static_pages/home.html.erb within layouts/application
  Rendered static_pages/home.html.erb within layouts/application (1.4ms)
  Rendered layouts/_shim.html.erb (0.4ms)
  Rendered layouts/_header.html.erb (0.7ms)
  Rendered layouts/_footer.html.erb (0.9ms)
Completed 200 OK in 1880ms (Views: 1877.9ms)


Started GET "/" for 127.0.0.1 at 2018-03-07 16:01:52 -0800
Processing by StaticPagesController#home as HTML
  Rendering static_pages/home.html.erb within layouts/application
  Rendered static_pages/home.html.erb within layouts/application (3.7ms)
  Rendered layouts/_shim.html.erb (0.3ms)
  Rendered layouts/_header.html.erb (0.4ms)
  Rendered layouts/_footer.html.erb (39.8ms)
Completed 500 Internal Server Error in 88ms


  
ActionView::Template::Error (undefined local variable or method `about_path' for #<#<Class:0x007fb93af34be8>:0x007fb9443c9ee8>):
     8:     <ul>
     9:     		<!-- Hardcoded links are not the rails way -->
    10:     	<!-- <a href="/static_pages/about">About</a> -->
    11:       <li><%= link_to "About", about_path %></li>
    12:       <li><%= link_to "Contact", '#' %></li>
    13:       <li><a href="http://www.tictactile.net/">News</a></li>
    14:     </ul>
  
app/views/layouts/_footer.html.erb:11:in `_app_views_layouts__footer_html_erb___2122694060647595169_70216830768680'
app/views/layouts/application.html.erb:16:in `_app_views_layouts_application_html_erb__1768686296961218228_70216814481680'
Started GET "/" for 127.0.0.1 at 2018-03-07 16:03:22 -0800
Processing by StaticPagesController#home as HTML
  Rendering static_pages/home.html.erb within layouts/application
  Rendered static_pages/home.html.erb within layouts/application (2.3ms)
  Rendered layouts/_shim.html.erb (0.5ms)
  Rendered layouts/_header.html.erb (0.7ms)
  Rendered layouts/_footer.html.erb (38.1ms)
Completed 500 Internal Server Error in 88ms


  
ActionView::Template::Error (undefined local variable or method `about_path' for #<#<Class:0x007fb93af34be8>:0x007fb9412ac180>):
     8:     <ul>
     9:     		<!-- Hardcoded links are not the rails way -->
    10:     	<!-- <a href="/static_pages/about">About</a> -->
    11:       <li><%= link_to "About", about_path %></li>
    12:       <li><%= link_to "Contact", '#' %></li>
    13:       <li><a href="http://www.tictactile.net/">News</a></li>
    14:     </ul>
  
app/views/layouts/_footer.html.erb:11:in `_app_views_layouts__footer_html_erb___2122694060647595169_70216817330920'
app/views/layouts/application.html.erb:16:in `_app_views_layouts_application_html_erb__1768686296961218228_70216815968060'
Started GET "/" for 127.0.0.1 at 2018-03-07 16:04:48 -0800
Processing by StaticPagesController#home as HTML
  Rendering static_pages/home.html.erb within layouts/application
  Rendered static_pages/home.html.erb within layouts/application (1.6ms)
  Rendered layouts/_shim.html.erb (0.3ms)
  Rendered layouts/_header.html.erb (0.5ms)
  Rendered layouts/_footer.html.erb (0.3ms)
Completed 200 OK in 34ms (Views: 32.7ms)


Started GET "/about_path" for 127.0.0.1 at 2018-03-07 16:04:51 -0800
  
ActionController::RoutingError (No route matches [GET] "/about_path"):
  
actionpack (5.1.5) lib/action_dispatch/middleware/debug_exceptions.rb:63:in `call'
web-console (3.5.1) lib/web_console/middleware.rb:135:in `call_app'
web-console (3.5.1) lib/web_console/middleware.rb:28:in `block in call'
web-console (3.5.1) lib/web_console/middleware.rb:18:in `catch'
web-console (3.5.1) lib/web_console/middleware.rb:18:in `call'
actionpack (5.1.5) lib/action_dispatch/middleware/show_exceptions.rb:31:in `call'
railties (5.1.5) lib/rails/rack/logger.rb:36:in `call_app'
railties (5.1.5) lib/rails/rack/logger.rb:24:in `block in call'
activesupport (5.1.5) lib/active_support/tagged_logging.rb:69:in `block in tagged'
activesupport (5.1.5) lib/active_support/tagged_logging.rb:26:in `tagged'
activesupport (5.1.5) lib/active_support/tagged_logging.rb:69:in `tagged'
railties (5.1.5) lib/rails/rack/logger.rb:24:in `call'
sprockets-rails (3.2.1) lib/sprockets/rails/quiet_assets.rb:13:in `call'
actionpack (5.1.5) lib/action_dispatch/middleware/remote_ip.rb:79:in `call'
actionpack (5.1.5) lib/action_dispatch/middleware/request_id.rb:25:in `call'
rack (2.0.4) lib/rack/method_override.rb:22:in `call'
rack (2.0.4) lib/rack/runtime.rb:22:in `call'
activesupport (5.1.5) lib/active_support/cache/strategy/local_cache_middleware.rb:27:in `call'
actionpack (5.1.5) lib/action_dispatch/middleware/executor.rb:12:in `call'
actionpack (5.1.5) lib/action_dispatch/middleware/static.rb:125:in `call'
rack (2.0.4) lib/rack/sendfile.rb:111:in `call'
railties (5.1.5) lib/rails/engine.rb:522:in `call'
puma (3.9.1) lib/puma/configuration.rb:224:in `call'
puma (3.9.1) lib/puma/server.rb:602:in `handle_request'
puma (3.9.1) lib/puma/server.rb:435:in `process_client'
puma (3.9.1) lib/puma/server.rb:299:in `block in run'
puma (3.9.1) lib/puma/thread_pool.rb:120:in `block in spawn_thread'
Started GET "/about_path" for 127.0.0.1 at 2018-03-07 16:05:34 -0800
  
ActionController::RoutingError (No route matches [GET] "/about_path"):
  
actionpack (5.1.5) lib/action_dispatch/middleware/debug_exceptions.rb:63:in `call'
web-console (3.5.1) lib/web_console/middleware.rb:135:in `call_app'
web-console (3.5.1) lib/web_console/middleware.rb:28:in `block in call'
web-console (3.5.1) lib/web_console/middleware.rb:18:in `catch'
web-console (3.5.1) lib/web_console/middleware.rb:18:in `call'
actionpack (5.1.5) lib/action_dispatch/middleware/show_exceptions.rb:31:in `call'
railties (5.1.5) lib/rails/rack/logger.rb:36:in `call_app'
railties (5.1.5) lib/rails/rack/logger.rb:24:in `block in call'
activesupport (5.1.5) lib/active_support/tagged_logging.rb:69:in `block in tagged'
activesupport (5.1.5) lib/active_support/tagged_logging.rb:26:in `tagged'
activesupport (5.1.5) lib/active_support/tagged_logging.rb:69:in `tagged'
railties (5.1.5) lib/rails/rack/logger.rb:24:in `call'
sprockets-rails (3.2.1) lib/sprockets/rails/quiet_assets.rb:13:in `call'
actionpack (5.1.5) lib/action_dispatch/middleware/remote_ip.rb:79:in `call'
actionpack (5.1.5) lib/action_dispatch/middleware/request_id.rb:25:in `call'
rack (2.0.4) lib/rack/method_override.rb:22:in `call'
rack (2.0.4) lib/rack/runtime.rb:22:in `call'
activesupport (5.1.5) lib/active_support/cache/strategy/local_cache_middleware.rb:27:in `call'
actionpack (5.1.5) lib/action_dispatch/middleware/executor.rb:12:in `call'
actionpack (5.1.5) lib/action_dispatch/middleware/static.rb:125:in `call'
rack (2.0.4) lib/rack/sendfile.rb:111:in `call'
railties (5.1.5) lib/rails/engine.rb:522:in `call'
puma (3.9.1) lib/puma/configuration.rb:224:in `call'
puma (3.9.1) lib/puma/server.rb:602:in `handle_request'
puma (3.9.1) lib/puma/server.rb:435:in `process_client'
puma (3.9.1) lib/puma/server.rb:299:in `block in run'
puma (3.9.1) lib/puma/thread_pool.rb:120:in `block in spawn_thread'
Started GET "/about_path" for 127.0.0.1 at 2018-03-07 16:05:45 -0800
  
ActionController::RoutingError (No route matches [GET] "/about_path"):
  
actionpack (5.1.5) lib/action_dispatch/middleware/debug_exceptions.rb:63:in `call'
web-console (3.5.1) lib/web_console/middleware.rb:135:in `call_app'
web-console (3.5.1) lib/web_console/middleware.rb:28:in `block in call'
web-console (3.5.1) lib/web_console/middleware.rb:18:in `catch'
web-console (3.5.1) lib/web_console/middleware.rb:18:in `call'
actionpack (5.1.5) lib/action_dispatch/middleware/show_exceptions.rb:31:in `call'
railties (5.1.5) lib/rails/rack/logger.rb:36:in `call_app'
railties (5.1.5) lib/rails/rack/logger.rb:24:in `block in call'
activesupport (5.1.5) lib/active_support/tagged_logging.rb:69:in `block in tagged'
activesupport (5.1.5) lib/active_support/tagged_logging.rb:26:in `tagged'
activesupport (5.1.5) lib/active_support/tagged_logging.rb:69:in `tagged'
railties (5.1.5) lib/rails/rack/logger.rb:24:in `call'
sprockets-rails (3.2.1) lib/sprockets/rails/quiet_assets.rb:13:in `call'
actionpack (5.1.5) lib/action_dispatch/middleware/remote_ip.rb:79:in `call'
actionpack (5.1.5) lib/action_dispatch/middleware/request_id.rb:25:in `call'
rack (2.0.4) lib/rack/method_override.rb:22:in `call'
rack (2.0.4) lib/rack/runtime.rb:22:in `call'
activesupport (5.1.5) lib/active_support/cache/strategy/local_cache_middleware.rb:27:in `call'
actionpack (5.1.5) lib/action_dispatch/middleware/executor.rb:12:in `call'
actionpack (5.1.5) lib/action_dispatch/middleware/static.rb:125:in `call'
rack (2.0.4) lib/rack/sendfile.rb:111:in `call'
railties (5.1.5) lib/rails/engine.rb:522:in `call'
puma (3.9.1) lib/puma/configuration.rb:224:in `call'
puma (3.9.1) lib/puma/server.rb:602:in `handle_request'
puma (3.9.1) lib/puma/server.rb:435:in `process_client'
puma (3.9.1) lib/puma/server.rb:299:in `block in run'
puma (3.9.1) lib/puma/thread_pool.rb:120:in `block in spawn_thread'
Started GET "/about_path" for 127.0.0.1 at 2018-03-07 16:06:29 -0800
  
ActionController::RoutingError (No route matches [GET] "/about_path"):
  
actionpack (5.1.5) lib/action_dispatch/middleware/debug_exceptions.rb:63:in `call'
web-console (3.5.1) lib/web_console/middleware.rb:135:in `call_app'
web-console (3.5.1) lib/web_console/middleware.rb:28:in `block in call'
web-console (3.5.1) lib/web_console/middleware.rb:18:in `catch'
web-console (3.5.1) lib/web_console/middleware.rb:18:in `call'
actionpack (5.1.5) lib/action_dispatch/middleware/show_exceptions.rb:31:in `call'
railties (5.1.5) lib/rails/rack/logger.rb:36:in `call_app'
railties (5.1.5) lib/rails/rack/logger.rb:24:in `block in call'
activesupport (5.1.5) lib/active_support/tagged_logging.rb:69:in `block in tagged'
activesupport (5.1.5) lib/active_support/tagged_logging.rb:26:in `tagged'
activesupport (5.1.5) lib/active_support/tagged_logging.rb:69:in `tagged'
railties (5.1.5) lib/rails/rack/logger.rb:24:in `call'
sprockets-rails (3.2.1) lib/sprockets/rails/quiet_assets.rb:13:in `call'
actionpack (5.1.5) lib/action_dispatch/middleware/remote_ip.rb:79:in `call'
actionpack (5.1.5) lib/action_dispatch/middleware/request_id.rb:25:in `call'
rack (2.0.4) lib/rack/method_override.rb:22:in `call'
rack (2.0.4) lib/rack/runtime.rb:22:in `call'
activesupport (5.1.5) lib/active_support/cache/strategy/local_cache_middleware.rb:27:in `call'
actionpack (5.1.5) lib/action_dispatch/middleware/executor.rb:12:in `call'
actionpack (5.1.5) lib/action_dispatch/middleware/static.rb:125:in `call'
rack (2.0.4) lib/rack/sendfile.rb:111:in `call'
railties (5.1.5) lib/rails/engine.rb:522:in `call'
puma (3.9.1) lib/puma/configuration.rb:224:in `call'
puma (3.9.1) lib/puma/server.rb:602:in `handle_request'
puma (3.9.1) lib/puma/server.rb:435:in `process_client'
puma (3.9.1) lib/puma/server.rb:299:in `block in run'
puma (3.9.1) lib/puma/thread_pool.rb:120:in `block in spawn_thread'
Started GET "/about_path" for 127.0.0.1 at 2018-03-07 16:06:44 -0800
  
ActionController::RoutingError (No route matches [GET] "/about_path"):
  
actionpack (5.1.5) lib/action_dispatch/middleware/debug_exceptions.rb:63:in `call'
web-console (3.5.1) lib/web_console/middleware.rb:135:in `call_app'
web-console (3.5.1) lib/web_console/middleware.rb:28:in `block in call'
web-console (3.5.1) lib/web_console/middleware.rb:18:in `catch'
web-console (3.5.1) lib/web_console/middleware.rb:18:in `call'
actionpack (5.1.5) lib/action_dispatch/middleware/show_exceptions.rb:31:in `call'
railties (5.1.5) lib/rails/rack/logger.rb:36:in `call_app'
railties (5.1.5) lib/rails/rack/logger.rb:24:in `block in call'
activesupport (5.1.5) lib/active_support/tagged_logging.rb:69:in `block in tagged'
activesupport (5.1.5) lib/active_support/tagged_logging.rb:26:in `tagged'
activesupport (5.1.5) lib/active_support/tagged_logging.rb:69:in `tagged'
railties (5.1.5) lib/rails/rack/logger.rb:24:in `call'
sprockets-rails (3.2.1) lib/sprockets/rails/quiet_assets.rb:13:in `call'
actionpack (5.1.5) lib/action_dispatch/middleware/remote_ip.rb:79:in `call'
actionpack (5.1.5) lib/action_dispatch/middleware/request_id.rb:25:in `call'
rack (2.0.4) lib/rack/method_override.rb:22:in `call'
rack (2.0.4) lib/rack/runtime.rb:22:in `call'
activesupport (5.1.5) lib/active_support/cache/strategy/local_cache_middleware.rb:27:in `call'
actionpack (5.1.5) lib/action_dispatch/middleware/executor.rb:12:in `call'
actionpack (5.1.5) lib/action_dispatch/middleware/static.rb:125:in `call'
rack (2.0.4) lib/rack/sendfile.rb:111:in `call'
railties (5.1.5) lib/rails/engine.rb:522:in `call'
puma (3.9.1) lib/puma/configuration.rb:224:in `call'
puma (3.9.1) lib/puma/server.rb:602:in `handle_request'
puma (3.9.1) lib/puma/server.rb:435:in `process_client'
puma (3.9.1) lib/puma/server.rb:299:in `block in run'
puma (3.9.1) lib/puma/thread_pool.rb:120:in `block in spawn_thread'
Started GET "/about_path" for 127.0.0.1 at 2018-03-07 16:12:27 -0800
  
ActionController::RoutingError (No route matches [GET] "/about_path"):
  
actionpack (5.1.5) lib/action_dispatch/middleware/debug_exceptions.rb:63:in `call'
web-console (3.5.1) lib/web_console/middleware.rb:135:in `call_app'
web-console (3.5.1) lib/web_console/middleware.rb:28:in `block in call'
web-console (3.5.1) lib/web_console/middleware.rb:18:in `catch'
web-console (3.5.1) lib/web_console/middleware.rb:18:in `call'
actionpack (5.1.5) lib/action_dispatch/middleware/show_exceptions.rb:31:in `call'
railties (5.1.5) lib/rails/rack/logger.rb:36:in `call_app'
railties (5.1.5) lib/rails/rack/logger.rb:24:in `block in call'
activesupport (5.1.5) lib/active_support/tagged_logging.rb:69:in `block in tagged'
activesupport (5.1.5) lib/active_support/tagged_logging.rb:26:in `tagged'
activesupport (5.1.5) lib/active_support/tagged_logging.rb:69:in `tagged'
railties (5.1.5) lib/rails/rack/logger.rb:24:in `call'
sprockets-rails (3.2.1) lib/sprockets/rails/quiet_assets.rb:13:in `call'
actionpack (5.1.5) lib/action_dispatch/middleware/remote_ip.rb:79:in `call'
actionpack (5.1.5) lib/action_dispatch/middleware/request_id.rb:25:in `call'
rack (2.0.4) lib/rack/method_override.rb:22:in `call'
rack (2.0.4) lib/rack/runtime.rb:22:in `call'
activesupport (5.1.5) lib/active_support/cache/strategy/local_cache_middleware.rb:27:in `call'
actionpack (5.1.5) lib/action_dispatch/middleware/executor.rb:12:in `call'
actionpack (5.1.5) lib/action_dispatch/middleware/static.rb:125:in `call'
rack (2.0.4) lib/rack/sendfile.rb:111:in `call'
railties (5.1.5) lib/rails/engine.rb:522:in `call'
puma (3.9.1) lib/puma/configuration.rb:224:in `call'
puma (3.9.1) lib/puma/server.rb:602:in `handle_request'
puma (3.9.1) lib/puma/server.rb:435:in `process_client'
puma (3.9.1) lib/puma/server.rb:299:in `block in run'
puma (3.9.1) lib/puma/thread_pool.rb:120:in `block in spawn_thread'
Started GET "/about_path" for 127.0.0.1 at 2018-03-07 16:12:56 -0800
  
ActionController::RoutingError (No route matches [GET] "/about_path"):
  
actionpack (5.1.5) lib/action_dispatch/middleware/debug_exceptions.rb:63:in `call'
web-console (3.5.1) lib/web_console/middleware.rb:135:in `call_app'
web-console (3.5.1) lib/web_console/middleware.rb:28:in `block in call'
web-console (3.5.1) lib/web_console/middleware.rb:18:in `catch'
web-console (3.5.1) lib/web_console/middleware.rb:18:in `call'
actionpack (5.1.5) lib/action_dispatch/middleware/show_exceptions.rb:31:in `call'
railties (5.1.5) lib/rails/rack/logger.rb:36:in `call_app'
railties (5.1.5) lib/rails/rack/logger.rb:24:in `block in call'
activesupport (5.1.5) lib/active_support/tagged_logging.rb:69:in `block in tagged'
activesupport (5.1.5) lib/active_support/tagged_logging.rb:26:in `tagged'
activesupport (5.1.5) lib/active_support/tagged_logging.rb:69:in `tagged'
railties (5.1.5) lib/rails/rack/logger.rb:24:in `call'
sprockets-rails (3.2.1) lib/sprockets/rails/quiet_assets.rb:13:in `call'
actionpack (5.1.5) lib/action_dispatch/middleware/remote_ip.rb:79:in `call'
actionpack (5.1.5) lib/action_dispatch/middleware/request_id.rb:25:in `call'
rack (2.0.4) lib/rack/method_override.rb:22:in `call'
rack (2.0.4) lib/rack/runtime.rb:22:in `call'
activesupport (5.1.5) lib/active_support/cache/strategy/local_cache_middleware.rb:27:in `call'
actionpack (5.1.5) lib/action_dispatch/middleware/executor.rb:12:in `call'
actionpack (5.1.5) lib/action_dispatch/middleware/static.rb:125:in `call'
rack (2.0.4) lib/rack/sendfile.rb:111:in `call'
railties (5.1.5) lib/rails/engine.rb:522:in `call'
puma (3.9.1) lib/puma/configuration.rb:224:in `call'
puma (3.9.1) lib/puma/server.rb:602:in `handle_request'
puma (3.9.1) lib/puma/server.rb:435:in `process_client'
puma (3.9.1) lib/puma/server.rb:299:in `block in run'
puma (3.9.1) lib/puma/thread_pool.rb:120:in `block in spawn_thread'
Started GET "/about_path" for 127.0.0.1 at 2018-03-07 16:13:11 -0800
  
ActionController::RoutingError (No route matches [GET] "/about_path"):
  
actionpack (5.1.5) lib/action_dispatch/middleware/debug_exceptions.rb:63:in `call'
web-console (3.5.1) lib/web_console/middleware.rb:135:in `call_app'
web-console (3.5.1) lib/web_console/middleware.rb:28:in `block in call'
web-console (3.5.1) lib/web_console/middleware.rb:18:in `catch'
web-console (3.5.1) lib/web_console/middleware.rb:18:in `call'
actionpack (5.1.5) lib/action_dispatch/middleware/show_exceptions.rb:31:in `call'
railties (5.1.5) lib/rails/rack/logger.rb:36:in `call_app'
railties (5.1.5) lib/rails/rack/logger.rb:24:in `block in call'
activesupport (5.1.5) lib/active_support/tagged_logging.rb:69:in `block in tagged'
activesupport (5.1.5) lib/active_support/tagged_logging.rb:26:in `tagged'
activesupport (5.1.5) lib/active_support/tagged_logging.rb:69:in `tagged'
railties (5.1.5) lib/rails/rack/logger.rb:24:in `call'
sprockets-rails (3.2.1) lib/sprockets/rails/quiet_assets.rb:13:in `call'
actionpack (5.1.5) lib/action_dispatch/middleware/remote_ip.rb:79:in `call'
actionpack (5.1.5) lib/action_dispatch/middleware/request_id.rb:25:in `call'
rack (2.0.4) lib/rack/method_override.rb:22:in `call'
rack (2.0.4) lib/rack/runtime.rb:22:in `call'
activesupport (5.1.5) lib/active_support/cache/strategy/local_cache_middleware.rb:27:in `call'
actionpack (5.1.5) lib/action_dispatch/middleware/executor.rb:12:in `call'
actionpack (5.1.5) lib/action_dispatch/middleware/static.rb:125:in `call'
rack (2.0.4) lib/rack/sendfile.rb:111:in `call'
railties (5.1.5) lib/rails/engine.rb:522:in `call'
puma (3.9.1) lib/puma/configuration.rb:224:in `call'
puma (3.9.1) lib/puma/server.rb:602:in `handle_request'
puma (3.9.1) lib/puma/server.rb:435:in `process_client'
puma (3.9.1) lib/puma/server.rb:299:in `block in run'
puma (3.9.1) lib/puma/thread_pool.rb:120:in `block in spawn_thread'
Started GET "/about_path" for 127.0.0.1 at 2018-03-07 16:13:34 -0800
  
ActionController::RoutingError (No route matches [GET] "/about_path"):
  
actionpack (5.1.5) lib/action_dispatch/middleware/debug_exceptions.rb:63:in `call'
web-console (3.5.1) lib/web_console/middleware.rb:135:in `call_app'
web-console (3.5.1) lib/web_console/middleware.rb:28:in `block in call'
web-console (3.5.1) lib/web_console/middleware.rb:18:in `catch'
web-console (3.5.1) lib/web_console/middleware.rb:18:in `call'
actionpack (5.1.5) lib/action_dispatch/middleware/show_exceptions.rb:31:in `call'
railties (5.1.5) lib/rails/rack/logger.rb:36:in `call_app'
railties (5.1.5) lib/rails/rack/logger.rb:24:in `block in call'
activesupport (5.1.5) lib/active_support/tagged_logging.rb:69:in `block in tagged'
activesupport (5.1.5) lib/active_support/tagged_logging.rb:26:in `tagged'
activesupport (5.1.5) lib/active_support/tagged_logging.rb:69:in `tagged'
railties (5.1.5) lib/rails/rack/logger.rb:24:in `call'
sprockets-rails (3.2.1) lib/sprockets/rails/quiet_assets.rb:13:in `call'
actionpack (5.1.5) lib/action_dispatch/middleware/remote_ip.rb:79:in `call'
actionpack (5.1.5) lib/action_dispatch/middleware/request_id.rb:25:in `call'
rack (2.0.4) lib/rack/method_override.rb:22:in `call'
rack (2.0.4) lib/rack/runtime.rb:22:in `call'
activesupport (5.1.5) lib/active_support/cache/strategy/local_cache_middleware.rb:27:in `call'
actionpack (5.1.5) lib/action_dispatch/middleware/executor.rb:12:in `call'
actionpack (5.1.5) lib/action_dispatch/middleware/static.rb:125:in `call'
rack (2.0.4) lib/rack/sendfile.rb:111:in `call'
railties (5.1.5) lib/rails/engine.rb:522:in `call'
puma (3.9.1) lib/puma/configuration.rb:224:in `call'
puma (3.9.1) lib/puma/server.rb:602:in `handle_request'
puma (3.9.1) lib/puma/server.rb:435:in `process_client'
puma (3.9.1) lib/puma/server.rb:299:in `block in run'
puma (3.9.1) lib/puma/thread_pool.rb:120:in `block in spawn_thread'
Started GET "/about_path" for 127.0.0.1 at 2018-03-07 16:14:19 -0800
  
ActionController::RoutingError (No route matches [GET] "/about_path"):
  
actionpack (5.1.5) lib/action_dispatch/middleware/debug_exceptions.rb:63:in `call'
web-console (3.5.1) lib/web_console/middleware.rb:135:in `call_app'
web-console (3.5.1) lib/web_console/middleware.rb:28:in `block in call'
web-console (3.5.1) lib/web_console/middleware.rb:18:in `catch'
web-console (3.5.1) lib/web_console/middleware.rb:18:in `call'
actionpack (5.1.5) lib/action_dispatch/middleware/show_exceptions.rb:31:in `call'
railties (5.1.5) lib/rails/rack/logger.rb:36:in `call_app'
railties (5.1.5) lib/rails/rack/logger.rb:24:in `block in call'
activesupport (5.1.5) lib/active_support/tagged_logging.rb:69:in `block in tagged'
activesupport (5.1.5) lib/active_support/tagged_logging.rb:26:in `tagged'
activesupport (5.1.5) lib/active_support/tagged_logging.rb:69:in `tagged'
railties (5.1.5) lib/rails/rack/logger.rb:24:in `call'
sprockets-rails (3.2.1) lib/sprockets/rails/quiet_assets.rb:13:in `call'
actionpack (5.1.5) lib/action_dispatch/middleware/remote_ip.rb:79:in `call'
actionpack (5.1.5) lib/action_dispatch/middleware/request_id.rb:25:in `call'
rack (2.0.4) lib/rack/method_override.rb:22:in `call'
rack (2.0.4) lib/rack/runtime.rb:22:in `call'
activesupport (5.1.5) lib/active_support/cache/strategy/local_cache_middleware.rb:27:in `call'
actionpack (5.1.5) lib/action_dispatch/middleware/executor.rb:12:in `call'
actionpack (5.1.5) lib/action_dispatch/middleware/static.rb:125:in `call'
rack (2.0.4) lib/rack/sendfile.rb:111:in `call'
railties (5.1.5) lib/rails/engine.rb:522:in `call'
puma (3.9.1) lib/puma/configuration.rb:224:in `call'
puma (3.9.1) lib/puma/server.rb:602:in `handle_request'
puma (3.9.1) lib/puma/server.rb:435:in `process_client'
puma (3.9.1) lib/puma/server.rb:299:in `block in run'
puma (3.9.1) lib/puma/thread_pool.rb:120:in `block in spawn_thread'
Started GET "/about_path" for 127.0.0.1 at 2018-03-07 16:14:55 -0800
  
ActionController::RoutingError (No route matches [GET] "/about_path"):
  
actionpack (5.1.5) lib/action_dispatch/middleware/debug_exceptions.rb:63:in `call'
web-console (3.5.1) lib/web_console/middleware.rb:135:in `call_app'
web-console (3.5.1) lib/web_console/middleware.rb:28:in `block in call'
web-console (3.5.1) lib/web_console/middleware.rb:18:in `catch'
web-console (3.5.1) lib/web_console/middleware.rb:18:in `call'
actionpack (5.1.5) lib/action_dispatch/middleware/show_exceptions.rb:31:in `call'
railties (5.1.5) lib/rails/rack/logger.rb:36:in `call_app'
railties (5.1.5) lib/rails/rack/logger.rb:24:in `block in call'
activesupport (5.1.5) lib/active_support/tagged_logging.rb:69:in `block in tagged'
activesupport (5.1.5) lib/active_support/tagged_logging.rb:26:in `tagged'
activesupport (5.1.5) lib/active_support/tagged_logging.rb:69:in `tagged'
railties (5.1.5) lib/rails/rack/logger.rb:24:in `call'
sprockets-rails (3.2.1) lib/sprockets/rails/quiet_assets.rb:13:in `call'
actionpack (5.1.5) lib/action_dispatch/middleware/remote_ip.rb:79:in `call'
actionpack (5.1.5) lib/action_dispatch/middleware/request_id.rb:25:in `call'
rack (2.0.4) lib/rack/method_override.rb:22:in `call'
rack (2.0.4) lib/rack/runtime.rb:22:in `call'
activesupport (5.1.5) lib/active_support/cache/strategy/local_cache_middleware.rb:27:in `call'
actionpack (5.1.5) lib/action_dispatch/middleware/executor.rb:12:in `call'
actionpack (5.1.5) lib/action_dispatch/middleware/static.rb:125:in `call'
rack (2.0.4) lib/rack/sendfile.rb:111:in `call'
railties (5.1.5) lib/rails/engine.rb:522:in `call'
puma (3.9.1) lib/puma/configuration.rb:224:in `call'
puma (3.9.1) lib/puma/server.rb:602:in `handle_request'
puma (3.9.1) lib/puma/server.rb:435:in `process_client'
puma (3.9.1) lib/puma/server.rb:299:in `block in run'
puma (3.9.1) lib/puma/thread_pool.rb:120:in `block in spawn_thread'
Started GET "/about_path" for 127.0.0.1 at 2018-03-07 16:15:22 -0800
  
ActionController::RoutingError (No route matches [GET] "/about_path"):
  
actionpack (5.1.5) lib/action_dispatch/middleware/debug_exceptions.rb:63:in `call'
web-console (3.5.1) lib/web_console/middleware.rb:135:in `call_app'
web-console (3.5.1) lib/web_console/middleware.rb:28:in `block in call'
web-console (3.5.1) lib/web_console/middleware.rb:18:in `catch'
web-console (3.5.1) lib/web_console/middleware.rb:18:in `call'
actionpack (5.1.5) lib/action_dispatch/middleware/show_exceptions.rb:31:in `call'
railties (5.1.5) lib/rails/rack/logger.rb:36:in `call_app'
railties (5.1.5) lib/rails/rack/logger.rb:24:in `block in call'
activesupport (5.1.5) lib/active_support/tagged_logging.rb:69:in `block in tagged'
activesupport (5.1.5) lib/active_support/tagged_logging.rb:26:in `tagged'
activesupport (5.1.5) lib/active_support/tagged_logging.rb:69:in `tagged'
railties (5.1.5) lib/rails/rack/logger.rb:24:in `call'
sprockets-rails (3.2.1) lib/sprockets/rails/quiet_assets.rb:13:in `call'
actionpack (5.1.5) lib/action_dispatch/middleware/remote_ip.rb:79:in `call'
actionpack (5.1.5) lib/action_dispatch/middleware/request_id.rb:25:in `call'
rack (2.0.4) lib/rack/method_override.rb:22:in `call'
rack (2.0.4) lib/rack/runtime.rb:22:in `call'
activesupport (5.1.5) lib/active_support/cache/strategy/local_cache_middleware.rb:27:in `call'
actionpack (5.1.5) lib/action_dispatch/middleware/executor.rb:12:in `call'
actionpack (5.1.5) lib/action_dispatch/middleware/static.rb:125:in `call'
rack (2.0.4) lib/rack/sendfile.rb:111:in `call'
railties (5.1.5) lib/rails/engine.rb:522:in `call'
puma (3.9.1) lib/puma/configuration.rb:224:in `call'
puma (3.9.1) lib/puma/server.rb:602:in `handle_request'
puma (3.9.1) lib/puma/server.rb:435:in `process_client'
puma (3.9.1) lib/puma/server.rb:299:in `block in run'
puma (3.9.1) lib/puma/thread_pool.rb:120:in `block in spawn_thread'
Started GET "/about_path" for 127.0.0.1 at 2018-03-07 16:15:59 -0800
  
ActionController::RoutingError (No route matches [GET] "/about_path"):
  
actionpack (5.1.5) lib/action_dispatch/middleware/debug_exceptions.rb:63:in `call'
web-console (3.5.1) lib/web_console/middleware.rb:135:in `call_app'
web-console (3.5.1) lib/web_console/middleware.rb:28:in `block in call'
web-console (3.5.1) lib/web_console/middleware.rb:18:in `catch'
web-console (3.5.1) lib/web_console/middleware.rb:18:in `call'
actionpack (5.1.5) lib/action_dispatch/middleware/show_exceptions.rb:31:in `call'
railties (5.1.5) lib/rails/rack/logger.rb:36:in `call_app'
railties (5.1.5) lib/rails/rack/logger.rb:24:in `block in call'
activesupport (5.1.5) lib/active_support/tagged_logging.rb:69:in `block in tagged'
activesupport (5.1.5) lib/active_support/tagged_logging.rb:26:in `tagged'
activesupport (5.1.5) lib/active_support/tagged_logging.rb:69:in `tagged'
railties (5.1.5) lib/rails/rack/logger.rb:24:in `call'
sprockets-rails (3.2.1) lib/sprockets/rails/quiet_assets.rb:13:in `call'
actionpack (5.1.5) lib/action_dispatch/middleware/remote_ip.rb:79:in `call'
actionpack (5.1.5) lib/action_dispatch/middleware/request_id.rb:25:in `call'
rack (2.0.4) lib/rack/method_override.rb:22:in `call'
rack (2.0.4) lib/rack/runtime.rb:22:in `call'
activesupport (5.1.5) lib/active_support/cache/strategy/local_cache_middleware.rb:27:in `call'
actionpack (5.1.5) lib/action_dispatch/middleware/executor.rb:12:in `call'
actionpack (5.1.5) lib/action_dispatch/middleware/static.rb:125:in `call'
rack (2.0.4) lib/rack/sendfile.rb:111:in `call'
railties (5.1.5) lib/rails/engine.rb:522:in `call'
puma (3.9.1) lib/puma/configuration.rb:224:in `call'
puma (3.9.1) lib/puma/server.rb:602:in `handle_request'
puma (3.9.1) lib/puma/server.rb:435:in `process_client'
puma (3.9.1) lib/puma/server.rb:299:in `block in run'
puma (3.9.1) lib/puma/thread_pool.rb:120:in `block in spawn_thread'
Started GET "/about_path" for 127.0.0.1 at 2018-03-07 16:16:19 -0800
  
ActionController::RoutingError (No route matches [GET] "/about_path"):
  
actionpack (5.1.5) lib/action_dispatch/middleware/debug_exceptions.rb:63:in `call'
web-console (3.5.1) lib/web_console/middleware.rb:135:in `call_app'
web-console (3.5.1) lib/web_console/middleware.rb:28:in `block in call'
web-console (3.5.1) lib/web_console/middleware.rb:18:in `catch'
web-console (3.5.1) lib/web_console/middleware.rb:18:in `call'
actionpack (5.1.5) lib/action_dispatch/middleware/show_exceptions.rb:31:in `call'
railties (5.1.5) lib/rails/rack/logger.rb:36:in `call_app'
railties (5.1.5) lib/rails/rack/logger.rb:24:in `block in call'
activesupport (5.1.5) lib/active_support/tagged_logging.rb:69:in `block in tagged'
activesupport (5.1.5) lib/active_support/tagged_logging.rb:26:in `tagged'
activesupport (5.1.5) lib/active_support/tagged_logging.rb:69:in `tagged'
railties (5.1.5) lib/rails/rack/logger.rb:24:in `call'
sprockets-rails (3.2.1) lib/sprockets/rails/quiet_assets.rb:13:in `call'
actionpack (5.1.5) lib/action_dispatch/middleware/remote_ip.rb:79:in `call'
actionpack (5.1.5) lib/action_dispatch/middleware/request_id.rb:25:in `call'
rack (2.0.4) lib/rack/method_override.rb:22:in `call'
rack (2.0.4) lib/rack/runtime.rb:22:in `call'
activesupport (5.1.5) lib/active_support/cache/strategy/local_cache_middleware.rb:27:in `call'
actionpack (5.1.5) lib/action_dispatch/middleware/executor.rb:12:in `call'
actionpack (5.1.5) lib/action_dispatch/middleware/static.rb:125:in `call'
rack (2.0.4) lib/rack/sendfile.rb:111:in `call'
railties (5.1.5) lib/rails/engine.rb:522:in `call'
puma (3.9.1) lib/puma/configuration.rb:224:in `call'
puma (3.9.1) lib/puma/server.rb:602:in `handle_request'
puma (3.9.1) lib/puma/server.rb:435:in `process_client'
puma (3.9.1) lib/puma/server.rb:299:in `block in run'
puma (3.9.1) lib/puma/thread_pool.rb:120:in `block in spawn_thread'
Started GET "/" for 127.0.0.1 at 2018-03-07 16:17:42 -0800
Processing by StaticPagesController#home as HTML
  Rendering static_pages/home.html.erb within layouts/application
  Rendered static_pages/home.html.erb within layouts/application (305.4ms)
  Rendered layouts/_shim.html.erb (0.4ms)
  Rendered layouts/_header.html.erb (0.9ms)
  Rendered layouts/_footer.html.erb (1.0ms)
Completed 200 OK in 545ms (Views: 369.5ms)


Started GET "/" for 127.0.0.1 at 2018-03-07 16:17:46 -0800
Processing by StaticPagesController#home as HTML
  Rendering static_pages/home.html.erb within layouts/application
  Rendered static_pages/home.html.erb within layouts/application (3.9ms)
  Rendered layouts/_shim.html.erb (0.3ms)
  Rendered layouts/_header.html.erb (0.4ms)
  Rendered layouts/_footer.html.erb (0.4ms)
Completed 200 OK in 48ms (Views: 42.5ms)


Started GET "/" for 127.0.0.1 at 2018-03-07 16:18:08 -0800
Processing by StaticPagesController#home as HTML
  Rendering static_pages/home.html.erb within layouts/application
  Rendered static_pages/home.html.erb within layouts/application (3.0ms)
  Rendered layouts/_shim.html.erb (0.3ms)
  Rendered layouts/_header.html.erb (0.4ms)
  Rendered layouts/_footer.html.erb (0.5ms)
Completed 200 OK in 49ms (Views: 46.8ms)


Started GET "/about" for 127.0.0.1 at 2018-03-07 16:18:10 -0800
Processing by StaticPagesController#about as HTML
  Rendering static_pages/about.html.erb within layouts/application
  Rendered static_pages/about.html.erb within layouts/application (0.8ms)
  Rendered layouts/_shim.html.erb (0.3ms)
  Rendered layouts/_header.html.erb (0.5ms)
  Rendered layouts/_footer.html.erb (0.5ms)
Completed 200 OK in 74ms (Views: 68.6ms)


Started GET "/" for 127.0.0.1 at 2018-03-07 16:18:37 -0800
Processing by StaticPagesController#home as HTML
  Rendering static_pages/home.html.erb within layouts/application
  Rendered static_pages/home.html.erb within layouts/application (5.3ms)
  Rendered layouts/_shim.html.erb (0.3ms)
  Rendered layouts/_header.html.erb (0.5ms)
  Rendered layouts/_footer.html.erb (0.5ms)
Completed 200 OK in 61ms (Views: 59.1ms)


Started GET "/" for 127.0.0.1 at 2018-03-07 16:18:48 -0800
Processing by StaticPagesController#home as HTML
  Rendering static_pages/home.html.erb within layouts/application
  Rendered static_pages/home.html.erb within layouts/application (1.9ms)
  Rendered layouts/_shim.html.erb (0.6ms)
  Rendered layouts/_header.html.erb (0.6ms)
  Rendered layouts/_footer.html.erb (1.0ms)
Completed 200 OK in 43ms (Views: 41.3ms)


Started GET "/" for 127.0.0.1 at 2018-03-07 16:19:07 -0800
Processing by StaticPagesController#home as HTML
  Rendering static_pages/home.html.erb within layouts/application
  Rendered static_pages/home.html.erb within layouts/application (2.3ms)
  Rendered layouts/_shim.html.erb (0.5ms)
  Rendered layouts/_header.html.erb (1.0ms)
  Rendered layouts/_footer.html.erb (1.5ms)
Completed 200 OK in 61ms (Views: 57.5ms)


Started GET "/static_pages/about" for 127.0.0.1 at 2018-03-07 16:19:09 -0800
  
ActionController::RoutingError (No route matches [GET] "/static_pages/about"):
  
actionpack (5.1.5) lib/action_dispatch/middleware/debug_exceptions.rb:63:in `call'
web-console (3.5.1) lib/web_console/middleware.rb:135:in `call_app'
web-console (3.5.1) lib/web_console/middleware.rb:28:in `block in call'
web-console (3.5.1) lib/web_console/middleware.rb:18:in `catch'
web-console (3.5.1) lib/web_console/middleware.rb:18:in `call'
actionpack (5.1.5) lib/action_dispatch/middleware/show_exceptions.rb:31:in `call'
railties (5.1.5) lib/rails/rack/logger.rb:36:in `call_app'
railties (5.1.5) lib/rails/rack/logger.rb:24:in `block in call'
activesupport (5.1.5) lib/active_support/tagged_logging.rb:69:in `block in tagged'
activesupport (5.1.5) lib/active_support/tagged_logging.rb:26:in `tagged'
activesupport (5.1.5) lib/active_support/tagged_logging.rb:69:in `tagged'
railties (5.1.5) lib/rails/rack/logger.rb:24:in `call'
sprockets-rails (3.2.1) lib/sprockets/rails/quiet_assets.rb:13:in `call'
actionpack (5.1.5) lib/action_dispatch/middleware/remote_ip.rb:79:in `call'
actionpack (5.1.5) lib/action_dispatch/middleware/request_id.rb:25:in `call'
rack (2.0.4) lib/rack/method_override.rb:22:in `call'
rack (2.0.4) lib/rack/runtime.rb:22:in `call'
activesupport (5.1.5) lib/active_support/cache/strategy/local_cache_middleware.rb:27:in `call'
actionpack (5.1.5) lib/action_dispatch/middleware/executor.rb:12:in `call'
actionpack (5.1.5) lib/action_dispatch/middleware/static.rb:125:in `call'
rack (2.0.4) lib/rack/sendfile.rb:111:in `call'
railties (5.1.5) lib/rails/engine.rb:522:in `call'
puma (3.9.1) lib/puma/configuration.rb:224:in `call'
puma (3.9.1) lib/puma/server.rb:602:in `handle_request'
puma (3.9.1) lib/puma/server.rb:435:in `process_client'
puma (3.9.1) lib/puma/server.rb:299:in `block in run'
puma (3.9.1) lib/puma/thread_pool.rb:120:in `block in spawn_thread'
Started GET "/static_pages/about" for 127.0.0.1 at 2018-03-07 16:20:08 -0800
  
ActionController::RoutingError (No route matches [GET] "/static_pages/about"):
  
actionpack (5.1.5) lib/action_dispatch/middleware/debug_exceptions.rb:63:in `call'
web-console (3.5.1) lib/web_console/middleware.rb:135:in `call_app'
web-console (3.5.1) lib/web_console/middleware.rb:28:in `block in call'
web-console (3.5.1) lib/web_console/middleware.rb:18:in `catch'
web-console (3.5.1) lib/web_console/middleware.rb:18:in `call'
actionpack (5.1.5) lib/action_dispatch/middleware/show_exceptions.rb:31:in `call'
railties (5.1.5) lib/rails/rack/logger.rb:36:in `call_app'
railties (5.1.5) lib/rails/rack/logger.rb:24:in `block in call'
activesupport (5.1.5) lib/active_support/tagged_logging.rb:69:in `block in tagged'
activesupport (5.1.5) lib/active_support/tagged_logging.rb:26:in `tagged'
activesupport (5.1.5) lib/active_support/tagged_logging.rb:69:in `tagged'
railties (5.1.5) lib/rails/rack/logger.rb:24:in `call'
sprockets-rails (3.2.1) lib/sprockets/rails/quiet_assets.rb:13:in `call'
actionpack (5.1.5) lib/action_dispatch/middleware/remote_ip.rb:79:in `call'
actionpack (5.1.5) lib/action_dispatch/middleware/request_id.rb:25:in `call'
rack (2.0.4) lib/rack/method_override.rb:22:in `call'
rack (2.0.4) lib/rack/runtime.rb:22:in `call'
activesupport (5.1.5) lib/active_support/cache/strategy/local_cache_middleware.rb:27:in `call'
actionpack (5.1.5) lib/action_dispatch/middleware/executor.rb:12:in `call'
actionpack (5.1.5) lib/action_dispatch/middleware/static.rb:125:in `call'
rack (2.0.4) lib/rack/sendfile.rb:111:in `call'
railties (5.1.5) lib/rails/engine.rb:522:in `call'
puma (3.9.1) lib/puma/configuration.rb:224:in `call'
puma (3.9.1) lib/puma/server.rb:602:in `handle_request'
puma (3.9.1) lib/puma/server.rb:435:in `process_client'
puma (3.9.1) lib/puma/server.rb:299:in `block in run'
puma (3.9.1) lib/puma/thread_pool.rb:120:in `block in spawn_thread'
Started GET "/" for 127.0.0.1 at 2018-03-07 16:20:13 -0800
Processing by StaticPagesController#home as HTML
  Rendering static_pages/home.html.erb within layouts/application
  Rendered static_pages/home.html.erb within layouts/application (1.4ms)
  Rendered layouts/_shim.html.erb (0.3ms)
  Rendered layouts/_header.html.erb (0.5ms)
  Rendered layouts/_footer.html.erb (0.5ms)
Completed 200 OK in 35ms (Views: 32.7ms)


Started GET "/about" for 127.0.0.1 at 2018-03-07 16:20:15 -0800
Processing by StaticPagesController#about as HTML
  Rendering static_pages/about.html.erb within layouts/application
  Rendered static_pages/about.html.erb within layouts/application (0.6ms)
  Rendered layouts/_shim.html.erb (0.8ms)
  Rendered layouts/_header.html.erb (0.9ms)
  Rendered layouts/_footer.html.erb (1.0ms)
Completed 200 OK in 55ms (Views: 49.2ms)


Started GET "/" for 127.0.0.1 at 2018-03-07 16:21:17 -0800
Processing by StaticPagesController#home as HTML
  Rendering static_pages/home.html.erb within layouts/application
  Rendered static_pages/home.html.erb within layouts/application (1.9ms)
  Rendered layouts/_shim.html.erb (0.3ms)
  Rendered layouts/_header.html.erb (0.4ms)
  Rendered layouts/_footer.html.erb (0.4ms)
Completed 200 OK in 35ms (Views: 33.5ms)


Started GET "/about" for 127.0.0.1 at 2018-03-07 16:21:19 -0800
Processing by StaticPagesController#about as HTML
  Rendering static_pages/about.html.erb within layouts/application
  Rendered static_pages/about.html.erb within layouts/application (0.5ms)
  Rendered layouts/_shim.html.erb (0.4ms)
  Rendered layouts/_header.html.erb (0.5ms)
  Rendered layouts/_footer.html.erb (0.5ms)
Completed 200 OK in 48ms (Views: 46.1ms)


Started GET "/about" for 127.0.0.1 at 2018-03-07 16:21:21 -0800
Processing by StaticPagesController#about as HTML
  Rendering static_pages/about.html.erb within layouts/application
  Rendered static_pages/about.html.erb within layouts/application (0.6ms)
  Rendered layouts/_shim.html.erb (0.6ms)
  Rendered layouts/_header.html.erb (0.9ms)
  Rendered layouts/_footer.html.erb (1.0ms)
Completed 200 OK in 52ms (Views: 48.6ms)


Started GET "/" for 127.0.0.1 at 2018-03-07 16:21:27 -0800
Processing by StaticPagesController#home as HTML
  Rendering static_pages/home.html.erb within layouts/application
  Rendered static_pages/home.html.erb within layouts/application (4.0ms)
  Rendered layouts/_shim.html.erb (0.7ms)
  Rendered layouts/_header.html.erb (0.6ms)
  Rendered layouts/_footer.html.erb (0.4ms)
Completed 200 OK in 51ms (Views: 45.6ms)


Started GET "/about" for 127.0.0.1 at 2018-03-07 16:21:35 -0800
Processing by StaticPagesController#about as HTML
  Rendering static_pages/about.html.erb within layouts/application
  Rendered static_pages/about.html.erb within layouts/application (0.4ms)
  Rendered layouts/_shim.html.erb (0.5ms)
  Rendered layouts/_header.html.erb (0.5ms)
  Rendered layouts/_footer.html.erb (0.4ms)
Completed 200 OK in 55ms (Views: 52.4ms)


Started GET "/" for 127.0.0.1 at 2018-03-07 16:24:56 -0800
Processing by StaticPagesController#home as HTML
  Rendering static_pages/home.html.erb within layouts/application
  Rendered static_pages/home.html.erb within layouts/application (1.5ms)
  Rendered layouts/_shim.html.erb (0.3ms)
  Rendered layouts/_header.html.erb (0.6ms)
  Rendered layouts/_footer.html.erb (0.5ms)
Completed 200 OK in 37ms (Views: 34.7ms)


Started GET "/" for 127.0.0.1 at 2018-03-07 16:25:34 -0800
Processing by StaticPagesController#home as HTML
  Rendering static_pages/home.html.erb within layouts/application
  Rendered static_pages/home.html.erb within layouts/application (2.7ms)
  Rendered layouts/_shim.html.erb (0.5ms)
  Rendered layouts/_header.html.erb (1.0ms)
  Rendered layouts/_footer.html.erb (0.7ms)
Completed 200 OK in 55ms (Views: 49.0ms)


Started GET "/help" for 127.0.0.1 at 2018-03-07 16:25:35 -0800
Processing by StaticPagesController#help as HTML
  Rendering static_pages/help.html.erb within layouts/application
  Rendered static_pages/help.html.erb within layouts/application (0.7ms)
  Rendered layouts/_shim.html.erb (0.3ms)
  Rendered layouts/_header.html.erb (0.6ms)
  Rendered layouts/_footer.html.erb (0.4ms)
Completed 200 OK in 53ms (Views: 44.3ms)


Started GET "/help" for 127.0.0.1 at 2018-03-07 16:25:37 -0800
Processing by StaticPagesController#help as HTML
  Rendering static_pages/help.html.erb within layouts/application
  Rendered static_pages/help.html.erb within layouts/application (1.4ms)
  Rendered layouts/_shim.html.erb (0.4ms)
  Rendered layouts/_header.html.erb (1.0ms)
  Rendered layouts/_footer.html.erb (0.5ms)
Completed 200 OK in 64ms (Views: 58.0ms)


Started GET "/help" for 127.0.0.1 at 2018-03-07 16:25:40 -0800
Processing by StaticPagesController#help as HTML
  Rendering static_pages/help.html.erb within layouts/application
  Rendered static_pages/help.html.erb within layouts/application (0.6ms)
  Rendered layouts/_shim.html.erb (0.4ms)
  Rendered layouts/_header.html.erb (0.6ms)
  Rendered layouts/_footer.html.erb (0.4ms)
Completed 200 OK in 58ms (Views: 55.8ms)


Started GET "/help" for 127.0.0.1 at 2018-03-07 16:25:41 -0800
Processing by StaticPagesController#help as HTML
  Rendering static_pages/help.html.erb within layouts/application
  Rendered static_pages/help.html.erb within layouts/application (0.6ms)
  Rendered layouts/_shim.html.erb (0.5ms)
  Rendered layouts/_header.html.erb (0.6ms)
  Rendered layouts/_footer.html.erb (0.4ms)
Completed 200 OK in 58ms (Views: 51.2ms)


Started GET "/help" for 127.0.0.1 at 2018-03-07 16:25:42 -0800
Processing by StaticPagesController#help as HTML
  Rendering static_pages/help.html.erb within layouts/application
  Rendered static_pages/help.html.erb within layouts/application (0.8ms)
  Rendered layouts/_shim.html.erb (0.3ms)
  Rendered layouts/_header.html.erb (0.7ms)
  Rendered layouts/_footer.html.erb (0.6ms)
Completed 200 OK in 55ms (Views: 48.4ms)


Started GET "/" for 127.0.0.1 at 2018-03-07 16:25:46 -0800
Processing by StaticPagesController#home as HTML
  Rendering static_pages/home.html.erb within layouts/application
  Rendered static_pages/home.html.erb within layouts/application (3.1ms)
  Rendered layouts/_shim.html.erb (0.3ms)
  Rendered layouts/_header.html.erb (0.5ms)
  Rendered layouts/_footer.html.erb (0.5ms)
Completed 200 OK in 60ms (Views: 53.4ms)


Started GET "/about" for 127.0.0.1 at 2018-03-07 16:25:48 -0800
Processing by StaticPagesController#about as HTML
  Rendering static_pages/about.html.erb within layouts/application
  Rendered static_pages/about.html.erb within layouts/application (0.6ms)
  Rendered layouts/_shim.html.erb (0.3ms)
  Rendered layouts/_header.html.erb (0.6ms)
  Rendered layouts/_footer.html.erb (0.4ms)
Completed 200 OK in 51ms (Views: 47.5ms)


Started GET "/contact" for 127.0.0.1 at 2018-03-07 16:25:50 -0800
Processing by StaticPagesController#contact as HTML
  Rendering static_pages/contact.html.erb within layouts/application
  Rendered static_pages/contact.html.erb within layouts/application (0.9ms)
  Rendered layouts/_shim.html.erb (0.3ms)
  Rendered layouts/_header.html.erb (0.6ms)
  Rendered layouts/_footer.html.erb (0.4ms)
Completed 200 OK in 47ms (Views: 41.7ms)


Started GET "/" for 127.0.0.1 at 2018-03-07 16:26:00 -0800
Processing by StaticPagesController#home as HTML
  Rendering static_pages/home.html.erb within layouts/application
  Rendered static_pages/home.html.erb within layouts/application (3.6ms)
  Rendered layouts/_shim.html.erb (0.4ms)
  Rendered layouts/_header.html.erb (0.6ms)
  Rendered layouts/_footer.html.erb (0.4ms)
Completed 200 OK in 48ms (Views: 43.8ms)


Started GET "/" for 127.0.0.1 at 2018-03-07 16:29:37 -0800
Processing by StaticPagesController#home as HTML
  Rendering static_pages/home.html.erb within layouts/application
  Rendered static_pages/home.html.erb within layouts/application (2.9ms)
  Rendered layouts/_shim.html.erb (0.3ms)
  Rendered layouts/_header.html.erb (0.5ms)
  Rendered layouts/_footer.html.erb (0.4ms)
Completed 200 OK in 45ms (Views: 41.5ms)


